# JRE version: Java(TM) SE Runtime Environment (22.0.1+8) (build 22.0.1+8-16)
# Java VM: Java HotSpot(TM) 64-Bit Server VM (22.0.1+8-16, mixed mode, emulated-client, sharing, tiered, compressed oops, compressed class ptrs, g1 gc, windows-amd64)
GC Precious Log:
 CardTable entry size: 512
 Card Set container configuration: InlinePtr #cards 4 size 8 Array Of Cards #cards 16 size 48 Howl #buckets 8 coarsen threshold 3686 Howl Bitmap #cards 512 size 80 coarsen threshold 460 Card regions per heap region 1 cards per card region 4096
 CPUs: 12 total, 12 available
 Memory: 16310M
 Large Page Support: Disabled
 NUMA Support: Disabled
 Compressed Oops: Enabled (Zero based)
 Heap Region Size: 2M
 Heap Min Capacity: 8M
 Heap Initial Capacity: 256M
 Heap Max Capacity: 4078M
 Pre-touch: Disabled
 Parallel Workers: 10
 Concurrent Workers: 3
 Concurrent Refinement Workers: 10
 Periodic GC: Disabled
Heap:
 garbage-first heap   total reserved 4175872K, committed 108544K, used 54492K [0x0000000701200000, 0x0000000800000000)
  region size 2048K, 1 young (2048K), 1 survivors (2048K)
 Metaspace       used 83374K, committed 84480K, reserved 1179648K
  class space    used 12093K, committed 12608K, reserved 1048576K
GC Heap History (20 events):
Event: 1.871 GC heap after
{Heap after GC invocations=7 (full 0):
 garbage-first heap   total reserved 4175872K, committed 161792K, used 26203K [0x0000000701200000, 0x0000000800000000)
  region size 2048K, 4 young (8192K), 4 survivors (8192K)
 Metaspace       used 35547K, committed 36096K, reserved 1114112K
  class space    used 4916K, committed 5184K, reserved 1048576K
}
Event: 2.399 GC heap before
{Heap before GC invocations=8 (full 0):
 garbage-first heap   total reserved 4175872K, committed 96256K, used 75355K [0x0000000701200000, 0x0000000800000000)
  region size 2048K, 28 young (57344K), 4 survivors (8192K)
 Metaspace       used 46309K, committed 46912K, reserved 1114112K
  class space    used 6507K, committed 6784K, reserved 1048576K
}
Event: 2.403 GC heap after
{Heap after GC invocations=9 (full 0):
 garbage-first heap   total reserved 4175872K, committed 96256K, used 29414K [0x0000000701200000, 0x0000000800000000)
  region size 2048K, 2 young (4096K), 2 survivors (4096K)
 Metaspace       used 46309K, committed 46912K, reserved 1114112K
  class space    used 6507K, committed 6784K, reserved 1048576K
}
Event: 2.936 GC heap before
{Heap before GC invocations=9 (full 0):
 garbage-first heap   total reserved 4175872K, committed 96256K, used 74470K [0x0000000701200000, 0x0000000800000000)
  region size 2048K, 25 young (51200K), 2 survivors (4096K)
 Metaspace       used 57239K, committed 57920K, reserved 1114112K
  class space    used 8200K, committed 8512K, reserved 1048576K
}
Event: 2.941 GC heap after
{Heap after GC invocations=10 (full 0):
 garbage-first heap   total reserved 4175872K, committed 96256K, used 32184K [0x0000000701200000, 0x0000000800000000)
  region size 2048K, 4 young (8192K), 4 survivors (8192K)
 Metaspace       used 57239K, committed 57920K, reserved 1114112K
  class space    used 8200K, committed 8512K, reserved 1048576K
}
Event: 3.080 GC heap before
{Heap before GC invocations=10 (full 0):
 garbage-first heap   total reserved 4175872K, committed 96256K, used 48568K [0x0000000701200000, 0x0000000800000000)
  region size 2048K, 13 young (26624K), 4 survivors (8192K)
 Metaspace       used 59714K, committed 60416K, reserved 1114112K
  class space    used 8568K, committed 8896K, reserved 1048576K
}
Event: 3.084 GC heap after
{Heap after GC invocations=11 (full 0):
 garbage-first heap   total reserved 4175872K, committed 96256K, used 32690K [0x0000000701200000, 0x0000000800000000)
  region size 2048K, 2 young (4096K), 2 survivors (4096K)
 Metaspace       used 59714K, committed 60416K, reserved 1114112K
  class space    used 8568K, committed 8896K, reserved 1048576K
}
Event: 3.849 GC heap before
{Heap before GC invocations=12 (full 0):
 garbage-first heap   total reserved 4175872K, committed 96256K, used 81842K [0x0000000701200000, 0x0000000800000000)
  region size 2048K, 26 young (53248K), 2 survivors (4096K)
 Metaspace       used 65918K, committed 66624K, reserved 1114112K
  class space    used 9532K, committed 9856K, reserved 1048576K
}
Event: 3.853 GC heap after
{Heap after GC invocations=13 (full 0):
 garbage-first heap   total reserved 4175872K, committed 96256K, used 36864K [0x0000000701200000, 0x0000000800000000)
  region size 2048K, 4 young (8192K), 4 survivors (8192K)
 Metaspace       used 65918K, committed 66624K, reserved 1114112K
  class space    used 9532K, committed 9856K, reserved 1048576K
}
Event: 4.110 GC heap before
{Heap before GC invocations=13 (full 0):
 garbage-first heap   total reserved 4175872K, committed 96256K, used 79872K [0x0000000701200000, 0x0000000800000000)
  region size 2048K, 25 young (51200K), 4 survivors (8192K)
 Metaspace       used 69051K, committed 69824K, reserved 1114112K
  class space    used 10016K, committed 10368K, reserved 1048576K
}
Event: 4.115 GC heap after
{Heap after GC invocations=14 (full 0):
 garbage-first heap   total reserved 4175872K, committed 96256K, used 40100K [0x0000000701200000, 0x0000000800000000)
  region size 2048K, 2 young (4096K), 2 survivors (4096K)
 Metaspace       used 69051K, committed 69824K, reserved 1114112K
  class space    used 10016K, committed 10368K, reserved 1048576K
}
Event: 11.685 GC heap before
{Heap before GC invocations=14 (full 0):
 garbage-first heap   total reserved 4175872K, committed 96256K, used 83108K [0x0000000701200000, 0x0000000800000000)
  region size 2048K, 23 young (47104K), 2 survivors (4096K)
 Metaspace       used 73742K, committed 74624K, reserved 1114112K
  class space    used 10733K, committed 11072K, reserved 1048576K
}
Event: 11.689 GC heap after
{Heap after GC invocations=15 (full 0):
 garbage-first heap   total reserved 4175872K, committed 96256K, used 43781K [0x0000000701200000, 0x0000000800000000)
  region size 2048K, 2 young (4096K), 2 survivors (4096K)
 Metaspace       used 73742K, committed 74624K, reserved 1114112K
  class space    used 10733K, committed 11072K, reserved 1048576K
}
Event: 74.979 GC heap before
{Heap before GC invocations=15 (full 0):
 garbage-first heap   total reserved 4175872K, committed 96256K, used 82693K [0x0000000701200000, 0x0000000800000000)
  region size 2048K, 22 young (45056K), 2 survivors (4096K)
 Metaspace       used 79323K, committed 80256K, reserved 1179648K
  class space    used 11513K, committed 11904K, reserved 1048576K
}
Event: 74.984 GC heap after
{Heap after GC invocations=16 (full 0):
 garbage-first heap   total reserved 4175872K, committed 96256K, used 48717K [0x0000000701200000, 0x0000000800000000)
  region size 2048K, 3 young (6144K), 3 survivors (6144K)
 Metaspace       used 79323K, committed 80256K, reserved 1179648K
  class space    used 11513K, committed 11904K, reserved 1048576K
}
Event: 75.296 GC heap before
{Heap before GC invocations=17 (full 0):
 garbage-first heap   total reserved 4175872K, committed 96256K, used 81485K [0x0000000701200000, 0x0000000800000000)
  region size 2048K, 19 young (38912K), 3 survivors (6144K)
 Metaspace       used 82455K, committed 83328K, reserved 1179648K
  class space    used 11905K, committed 12288K, reserved 1048576K
}
Event: 75.301 GC heap after
{Heap after GC invocations=18 (full 0):
 garbage-first heap   total reserved 4175872K, committed 96256K, used 53438K [0x0000000701200000, 0x0000000800000000)
  region size 2048K, 3 young (6144K), 3 survivors (6144K)
 Metaspace       used 82455K, committed 83328K, reserved 1179648K
  class space    used 11905K, committed 12288K, reserved 1048576K
}
Event: 75.441 GC heap before
{Heap before GC invocations=18 (full 0):
 garbage-first heap   total reserved 4175872K, committed 96256K, used 82110K [0x0000000701200000, 0x0000000800000000)
  region size 2048K, 17 young (34816K), 3 survivors (6144K)
 Metaspace       used 82952K, committed 83968K, reserved 1179648K
  class space    used 12018K, committed 12480K, reserved 1048576K
}
Event: 75.447 GC heap after
{Heap after GC invocations=19 (full 0):
 garbage-first heap   total reserved 4175872K, committed 100352K, used 53240K [0x0000000701200000, 0x0000000800000000)
  region size 2048K, 2 young (4096K), 2 survivors (4096K)
 Metaspace       used 82952K, committed 83968K, reserved 1179648K
  class space    used 12018K, committed 12480K, reserved 1048576K
}
Event: 77.032 GC heap before
{Heap before GC invocations=19 (full 0):
 garbage-first heap   total reserved 4175872K, committed 100352K, used 61432K [0x0000000701200000, 0x0000000800000000)
  region size 2048K, 7 young (14336K), 2 survivors (4096K)
 Metaspace       used 83374K, committed 84480K, reserved 1179648K
  class space    used 12093K, committed 12608K, reserved 1048576K
}

